  p2p.cpp
c:\users\miket\documents\github\p2p_michael_ori\p2p\p2p\client_util.h(7): error C3646: 'file_count': unknown override specifier
c:\users\miket\documents\github\p2p_michael_ori\p2p\p2p\client_util.h(7): error C4430: missing type specifier - int assumed. Note: C++ does not support default-int
c:\users\miket\documents\github\p2p_michael_ori\p2p\p2p\client_util.h(40): error C2143: syntax error: missing ';' before '*'
c:\users\miket\documents\github\p2p_michael_ori\p2p\p2p\client_util.h(40): error C4430: missing type specifier - int assumed. Note: C++ does not support default-int
c:\users\miket\documents\github\p2p_michael_ori\p2p\p2p\client_util.h(40): error C2238: unexpected token(s) preceding ';'
c:\users\miket\documents\github\p2p_michael_ori\p2p\p2p\client_util.h(43): error C4430: missing type specifier - int assumed. Note: C++ does not support default-int
c:\users\miket\documents\github\p2p_michael_ori\p2p\p2p\client_util.h(43): error C2143: syntax error: missing ',' before '*'
c:\users\miket\documents\github\p2p_michael_ori\p2p\p2p\client_util.h(65): error C2143: syntax error: missing ';' before '*'
c:\users\miket\documents\github\p2p_michael_ori\p2p\p2p\client_util.h(65): error C4430: missing type specifier - int assumed. Note: C++ does not support default-int
c:\users\miket\documents\github\p2p_michael_ori\p2p\p2p\client_util.h(65): error C2334: unexpected token(s) preceding '{'; skipping apparent function body
c:\users\miket\documents\github\p2p_michael_ori\p2p\p2p\client_util.h(44): error C2065: 'fdata': undeclared identifier
c:\users\miket\documents\github\p2p_michael_ori\p2p\p2p\client_util.h(45): error C2065: 'fdata': undeclared identifier
c:\users\miket\documents\github\p2p_michael_ori\p2p\p2p\client_util.h(48): error C2065: 'fdata': undeclared identifier
c:\users\miket\documents\github\p2p_michael_ori\p2p\p2p\client_util.h(50): error C2065: '_checksum': undeclared identifier
c:\users\miket\documents\github\p2p_michael_ori\p2p\p2p\client_util.h(50): error C2059: syntax error: ')'
c:\users\miket\documents\github\p2p_michael_ori\p2p\p2p\client_util.h(59): error C2065: '_checksum': undeclared identifier
c:\users\miket\documents\github\p2p_michael_ori\p2p\p2p\p2p_client.h(32): error C2039: 'name': is not a member of 'p2p_client::filedata'
  c:\users\miket\documents\github\p2p_michael_ori\p2p\p2p\client_util.h(5): note: see declaration of 'p2p_client::filedata'
c:\users\miket\documents\github\p2p_michael_ori\p2p\p2p\p2p_client.h(34): error C3536: 'fhandle': cannot be used before it is initialized
c:\users\miket\documents\github\p2p_michael_ori\p2p\p2p\p2p_client.h(34): error C2664: 'int fseek(FILE *,long,int)': cannot convert argument 1 from 'int' to 'FILE *'
  c:\users\miket\documents\github\p2p_michael_ori\p2p\p2p\p2p_client.h(34): note: Conversion from integral type to pointer type requires reinterpret_cast, C-style cast or function-style cast
c:\users\miket\documents\github\p2p_michael_ori\p2p\p2p\p2p_client.h(35): error C2664: 'size_t fread(void *,::size_t,::size_t,FILE *)': cannot convert argument 4 from 'int' to 'FILE *'
  c:\users\miket\documents\github\p2p_michael_ori\p2p\p2p\p2p_client.h(35): note: Conversion from integral type to pointer type requires reinterpret_cast, C-style cast or function-style cast
c:\users\miket\documents\github\p2p_michael_ori\p2p\p2p\p2p_client.h(37): error C2664: 'int fclose(FILE *)': cannot convert argument 1 from 'int' to 'FILE *'
  c:\users\miket\documents\github\p2p_michael_ori\p2p\p2p\p2p_client.h(37): note: Conversion from integral type to pointer type requires reinterpret_cast, C-style cast or function-style cast
c:\users\miket\documents\github\p2p_michael_ori\p2p\p2p\p2p_client.h(68): error C2039: 'name': is not a member of 'p2p_client::filedata'
  c:\users\miket\documents\github\p2p_michael_ori\p2p\p2p\client_util.h(5): note: see declaration of 'p2p_client::filedata'
c:\users\miket\documents\github\p2p_michael_ori\p2p\p2p\p2p_client.h(68): error C2039: 'size': is not a member of 'p2p_client::filedata'
  c:\users\miket\documents\github\p2p_michael_ori\p2p\p2p\client_util.h(5): note: see declaration of 'p2p_client::filedata'
c:\users\miket\documents\github\p2p_michael_ori\p2p\p2p\p2p_client.h(72): error C2039: 'name': is not a member of 'p2p_client::filedata'
  c:\users\miket\documents\github\p2p_michael_ori\p2p\p2p\client_util.h(5): note: see declaration of 'p2p_client::filedata'
c:\users\miket\documents\github\p2p_michael_ori\p2p\p2p\p2p_client.h(75): error C2039: 'name': is not a member of 'p2p_client::filedata'
  c:\users\miket\documents\github\p2p_michael_ori\p2p\p2p\client_util.h(5): note: see declaration of 'p2p_client::filedata'
c:\users\miket\documents\github\p2p_michael_ori\p2p\p2p\p2p_client.h(76): error C3536: 'fhandle': cannot be used before it is initialized
c:\users\miket\documents\github\p2p_michael_ori\p2p\p2p\p2p_client.h(78): error C2039: 'size': is not a member of 'p2p_client::filedata'
  c:\users\miket\documents\github\p2p_michael_ori\p2p\p2p\client_util.h(5): note: see declaration of 'p2p_client::filedata'
c:\users\miket\documents\github\p2p_michael_ori\p2p\p2p\p2p_client.h(83): error C3536: 'psize': cannot be used before it is initialized
c:\users\miket\documents\github\p2p_michael_ori\p2p\p2p\p2p_client.h(83): warning C4018: '<': signed/unsigned mismatch
c:\users\miket\documents\github\p2p_michael_ori\p2p\p2p\p2p_client.h(84): error C2039: '_buff': is not a member of 'etl::vector<util::sockaddr,128>'
  c:\users\miket\documents\github\p2p_michael_ori\p2p\p2p\p2p_client.h(14): note: see declaration of 'etl::vector<util::sockaddr,128>'
c:\users\miket\documents\github\p2p_michael_ori\p2p\p2p\p2p_client.h(84): error C2660: 'socket::sendto': function does not take 5 arguments
c:\users\miket\documents\github\p2p_michael_ori\p2p\p2p\p2p_client.h(89): error C2664: 'size_t fwrite(const void *,::size_t,::size_t,FILE *)': cannot convert argument 4 from 'int' to 'FILE *'
  c:\users\miket\documents\github\p2p_michael_ori\p2p\p2p\p2p_client.h(89): note: Conversion from integral type to pointer type requires reinterpret_cast, C-style cast or function-style cast
c:\users\miket\documents\github\p2p_michael_ori\p2p\p2p\p2p_client.h(92): error C2664: 'int fclose(FILE *)': cannot convert argument 1 from 'int' to 'FILE *'
  c:\users\miket\documents\github\p2p_michael_ori\p2p\p2p\p2p_client.h(92): note: Conversion from integral type to pointer type requires reinterpret_cast, C-style cast or function-style cast
c:\users\miket\documents\github\p2p_michael_ori\p2p\p2p\p2p_client.h(100): error C2039: 'name': is not a member of 'p2p_client::filedata'
  c:\users\miket\documents\github\p2p_michael_ori\p2p\p2p\client_util.h(5): note: see declaration of 'p2p_client::filedata'
c:\users\miket\documents\github\p2p_michael_ori\p2p\p2p\p2p_client.h(100): error C2660: 'memset': function does not take 2 arguments
c:\users\miket\documents\github\p2p_michael_ori\p2p\p2p\p2p.cpp(16): error C2678: binary '>>': no operator found which takes a left-hand operand of type 'std::istream' (or there is no acceptable conversion)
  c:\program files (x86)\microsoft visual studio\preview\professional\vc\tools\msvc\14.10.25017\include\istream(475): note: could be 'std::basic_istream<char,std::char_traits<char>> &std::basic_istream<char,std::char_traits<char>>::operator >>(std::basic_streambuf<char,std::char_traits<char>> *)'
  c:\program files (x86)\microsoft visual studio\preview\professional\vc\tools\msvc\14.10.25017\include\istream(456): note: or       'std::basic_istream<char,std::char_traits<char>> &std::basic_istream<char,std::char_traits<char>>::operator >>(void *&)'
  c:\program files (x86)\microsoft visual studio\preview\professional\vc\tools\msvc\14.10.25017\include\istream(438): note: or       'std::basic_istream<char,std::char_traits<char>> &std::basic_istream<char,std::char_traits<char>>::operator >>(long double &)'
  c:\program files (x86)\microsoft visual studio\preview\professional\vc\tools\msvc\14.10.25017\include\istream(420): note: or       'std::basic_istream<char,std::char_traits<char>> &std::basic_istream<char,std::char_traits<char>>::operator >>(double &)'
  c:\program files (x86)\microsoft visual studio\preview\professional\vc\tools\msvc\14.10.25017\include\istream(401): note: or       'std::basic_istream<char,std::char_traits<char>> &std::basic_istream<char,std::char_traits<char>>::operator >>(float &)'
  c:\program files (x86)\microsoft visual studio\preview\professional\vc\tools\msvc\14.10.25017\include\istream(383): note: or       'std::basic_istream<char,std::char_traits<char>> &std::basic_istream<char,std::char_traits<char>>::operator >>(unsigned __int64 &)'
  c:\program files (x86)\microsoft visual studio\preview\professional\vc\tools\msvc\14.10.25017\include\istream(364): note: or       'std::basic_istream<char,std::char_traits<char>> &std::basic_istream<char,std::char_traits<char>>::operator >>(__int64 &)'
  c:\program files (x86)\microsoft visual studio\preview\professional\vc\tools\msvc\14.10.25017\include\istream(345): note: or       'std::basic_istream<char,std::char_traits<char>> &std::basic_istream<char,std::char_traits<char>>::operator >>(unsigned long &)'
  c:\program files (x86)\microsoft visual studio\preview\professional\vc\tools\msvc\14.10.25017\include\istream(327): note: or       'std::basic_istream<char,std::char_traits<char>> &std::basic_istream<char,std::char_traits<char>>::operator >>(long &)'
  c:\program files (x86)\microsoft visual studio\preview\professional\vc\tools\msvc\14.10.25017\include\istream(309): note: or       'std::basic_istream<char,std::char_traits<char>> &std::basic_istream<char,std::char_traits<char>>::operator >>(unsigned int &)'
  c:\program files (x86)\microsoft visual studio\preview\professional\vc\tools\msvc\14.10.25017\include\istream(283): note: or       'std::basic_istream<char,std::char_traits<char>> &std::basic_istream<char,std::char_traits<char>>::operator >>(int &)'
  c:\program files (x86)\microsoft visual studio\preview\professional\vc\tools\msvc\14.10.25017\include\istream(264): note: or       'std::basic_istream<char,std::char_traits<char>> &std::basic_istream<char,std::char_traits<char>>::operator >>(unsigned short &)'
  c:\program files (x86)\microsoft visual studio\preview\professional\vc\tools\msvc\14.10.25017\include\istream(229): note: or       'std::basic_istream<char,std::char_traits<char>> &std::basic_istream<char,std::char_traits<char>>::operator >>(short &)'
  c:\program files (x86)\microsoft visual studio\preview\professional\vc\tools\msvc\14.10.25017\include\istream(210): note: or       'std::basic_istream<char,std::char_traits<char>> &std::basic_istream<char,std::char_traits<char>>::operator >>(bool &)'
  c:\program files (x86)\microsoft visual studio\preview\professional\vc\tools\msvc\14.10.25017\include\istream(204): note: or       'std::basic_istream<char,std::char_traits<char>> &std::basic_istream<char,std::char_traits<char>>::operator >>(std::ios_base &(__cdecl *)(std::ios_base &))'
  c:\program files (x86)\microsoft visual studio\preview\professional\vc\tools\msvc\14.10.25017\include\istream(198): note: or       'std::basic_istream<char,std::char_traits<char>> &std::basic_istream<char,std::char_traits<char>>::operator >>(std::basic_ios<char,std::char_traits<char>> &(__cdecl *)(std::basic_ios<char,std::char_traits<char>> &))'
  c:\program files (x86)\microsoft visual studio\preview\professional\vc\tools\msvc\14.10.25017\include\istream(193): note: or       'std::basic_istream<char,std::char_traits<char>> &std::basic_istream<char,std::char_traits<char>>::operator >>(std::basic_istream<char,std::char_traits<char>> &(__cdecl *)(std::basic_istream<char,std::char_traits<char>> &))'
  c:\program files (x86)\microsoft visual studio\preview\professional\vc\tools\msvc\14.10.25017\include\istream(1061): note: or       'std::basic_istream<char,std::char_traits<char>> &std::operator >><std::char_traits<char>>(std::basic_istream<char,std::char_traits<char>> &,signed char *)'
  c:\program files (x86)\microsoft visual studio\preview\professional\vc\tools\msvc\14.10.25017\include\istream(1068): note: or       'std::basic_istream<char,std::char_traits<char>> &std::operator >><std::char_traits<char>>(std::basic_istream<char,std::char_traits<char>> &,signed char &)'
  c:\program files (x86)\microsoft visual studio\preview\professional\vc\tools\msvc\14.10.25017\include\istream(1075): note: or       'std::basic_istream<char,std::char_traits<char>> &std::operator >><std::char_traits<char>>(std::basic_istream<char,std::char_traits<char>> &,unsigned char *)'
  c:\program files (x86)\microsoft visual studio\preview\professional\vc\tools\msvc\14.10.25017\include\istream(1082): note: or       'std::basic_istream<char,std::char_traits<char>> &std::operator >><std::char_traits<char>>(std::basic_istream<char,std::char_traits<char>> &,unsigned char &)'
  c:\program files (x86)\microsoft visual studio\preview\professional\vc\tools\msvc\14.10.25017\include\istream(1092): note: or       'std::basic_istream<char,std::char_traits<char>> &std::operator >><char,std::char_traits<char>,p2p_client::filedata&>(std::basic_istream<char,std::char_traits<char>> &&,_Ty)'
          with
          [
              _Ty=p2p_client::filedata &
          ]
  c:\users\miket\documents\github\p2p_michael_ori\p2p\p2p\p2p.cpp(16): note: while trying to match the argument list '(std::istream, p2p_client::filedata)'
c:\users\miket\documents\github\p2p_michael_ori\p2p\p2p\p2p.cpp(17): error C2039: 'name': is not a member of 'p2p_client::filedata'
  c:\users\miket\documents\github\p2p_michael_ori\p2p\p2p\client_util.h(5): note: see declaration of 'p2p_client::filedata'
