  p2p_tracker.cpp
c:\users\miket\documents\github\p2p_michael_ori\util.h(44): warning C4996: 'socket::inet_addr': Use inet_pton() or InetPton() instead or define _WINSOCK_DEPRECATED_NO_WARNINGS to disable deprecated API warnings
  c:\program files (x86)\windows kits\10\include\10.0.14393.0\um\winsock2.h(1828): note: see declaration of 'socket::inet_addr'
c:\program files (x86)\microsoft visual studio\preview\professional\vc\tools\msvc\14.10.25017\include\xutility(2518): warning C4996: 'std::copy_backward::_Unchecked_iterators::_Deprecate': Call to 'std::copy_backward' with parameters that may be unsafe - this call relies on the caller to check that the passed values are correct. To disable this warning, use -D_SCL_SECURE_NO_WARNINGS. See documentation on how to use Visual C++ 'Checked Iterators'
  c:\program files (x86)\microsoft visual studio\preview\professional\vc\tools\msvc\14.10.25017\include\xutility(2518): note: see declaration of 'std::copy_backward::_Unchecked_iterators::_Deprecate'
  c:\users\miket\documents\github\p2p_michael_ori\etl\src\private\pvoidvector.h(420): note: see reference to function template instantiation '_BidIt2 std::copy_backward<etl::pvoidvector::iterator,etl::pvoidvector::iterator>(_BidIt1,_BidIt1,_BidIt2)' being compiled
          with
          [
              _BidIt2=etl::pvoidvector::iterator,
              _BidIt1=etl::pvoidvector::iterator
          ]
c:\program files (x86)\microsoft visual studio\preview\professional\vc\tools\msvc\14.10.25017\include\xutility(2350): warning C4996: 'std::copy::_Unchecked_iterators::_Deprecate': Call to 'std::copy' with parameters that may be unsafe - this call relies on the caller to check that the passed values are correct. To disable this warning, use -D_SCL_SECURE_NO_WARNINGS. See documentation on how to use Visual C++ 'Checked Iterators'
  c:\program files (x86)\microsoft visual studio\preview\professional\vc\tools\msvc\14.10.25017\include\xutility(2350): note: see declaration of 'std::copy::_Unchecked_iterators::_Deprecate'
  c:\users\miket\documents\github\p2p_michael_ori\etl\src\private\pvoidvector.h(475): note: see reference to function template instantiation '_OutIt std::copy<etl::pvoidvector::iterator,etl::pvoidvector::iterator>(_InIt,_InIt,_OutIt)' being compiled
          with
          [
              _OutIt=etl::pvoidvector::iterator,
              _InIt=etl::pvoidvector::iterator
          ]
  p2p_tracker.vcxproj -> C:\Users\miket\Documents\GitHub\p2p_michael_ori\p2p_tracker\Debug\p2p_tracker.exe
  p2p_tracker.vcxproj -> C:\Users\miket\Documents\GitHub\p2p_michael_ori\p2p_tracker\Debug\p2p_tracker.pdb (Partial PDB)
